Requirement already satisfied: pandas in /home/cb76/cb761223/.local/lib/python3.6/site-packages
Requirement already satisfied: pytz>=2017.2 in /home/cb76/cb761223/.local/lib/python3.6/site-packages (from pandas)
Requirement already satisfied: numpy>=1.15.4 in /home/cb76/cb761223/.local/lib/python3.6/site-packages (from pandas)
Requirement already satisfied: python-dateutil>=2.7.3 in /home/cb76/cb761223/.local/lib/python3.6/site-packages (from pandas)
Requirement already satisfied: six>=1.5 in /usr/lib/python3.6/site-packages (from python-dateutil>=2.7.3->pandas)
Requirement already satisfied: numpy in /home/cb76/cb761223/.local/lib/python3.6/site-packages
Requirement already up-to-date: scipy in /home/cb76/cb761223/.local/lib/python3.6/site-packages
Requirement already up-to-date: numpy>=1.14.5 in /home/cb76/cb761223/.local/lib/python3.6/site-packages (from scipy)
Running on host: n003.intern.lcc3.intra.uibk.ac.at
Start time: 2025-03-20 21:11:34
Building programs...
ninja: no work to do.
Building nbody with option: N=1000
cc1plus: fatal error: /scratch/cb761223/perf-oriented-dev/small_samples/nbody.cpp: No such file or directory
compilation terminated.
Failed to build nbody_N1000: Command 'c++ -O3 -DCMAKE_BUILD_TYPE=Release -DN=1000 /scratch/cb761223/perf-oriented-dev/small_samples/nbody.cpp -o /scratch/cb761223/perf-oriented-dev/small_samples/build/nbody_N1000' returned non-zero exit status 1.
Building nbody with option: N=2000
cc1plus: fatal error: /scratch/cb761223/perf-oriented-dev/small_samples/nbody.cpp: No such file or directory
compilation terminated.
Failed to build nbody_N2000: Command 'c++ -O3 -DCMAKE_BUILD_TYPE=Release -DN=2000 /scratch/cb761223/perf-oriented-dev/small_samples/nbody.cpp -o /scratch/cb761223/perf-oriented-dev/small_samples/build/nbody_N2000' returned non-zero exit status 1.
Building nbody with option: N=5000
cc1plus: fatal error: /scratch/cb761223/perf-oriented-dev/small_samples/nbody.cpp: No such file or directory
compilation terminated.
Failed to build nbody_N5000: Command 'c++ -O3 -DCMAKE_BUILD_TYPE=Release -DN=5000 /scratch/cb761223/perf-oriented-dev/small_samples/nbody.cpp -o /scratch/cb761223/perf-oriented-dev/small_samples/build/nbody_N5000' returned non-zero exit status 1.
Build complete.

=== Running benchmarks with no_load ===

Running delannoy benchmark...
  Running delannoy with parameter: 10
    Repetition 1/20 (target error: 5.00%)
    Repetition 2/20 (target error: 5.00%)
      Current relative error: 0.00%
    Repetition 3/20 (target error: 5.00%)
      Current relative error: 0.00%
  Running delannoy with parameter: 14
    Repetition 1/20 (target error: 5.00%)
    Repetition 2/20 (target error: 5.00%)
      Current relative error: 1.55%
    Repetition 3/20 (target error: 5.00%)
      Current relative error: 0.35%

Running file_generator benchmark...
  Running file_generator with parameter: 5 100 1024 10240 1234
    Repetition 1/20 (target error: 5.00%)
    Repetition 2/20 (target error: 5.00%)
experiment.py:206: RuntimeWarning: invalid value encountered in double_scalars
  return mean, h, h / mean  # mean, half-width, relative error
      Current relative error: nan%
    Repetition 3/20 (target error: 5.00%)
      Current relative error: nan%
  Running file_generator with parameter: 10 200 1024 102400 1234
    Repetition 1/20 (target error: 5.00%)
    Repetition 2/20 (target error: 5.00%)
      Current relative error: nan%
    Repetition 3/20 (target error: 5.00%)
      Current relative error: nan%
experiment.py:441: RuntimeWarning: invalid value encountered in double_scalars
  f"Real Time (s): {stats['real_time']['mean']:.3f} Â± {stats['real_time']['ci']:.3f} "

Running find_largest_file benchmark...
  Running find_largest_file with parameter: none
    Repetition 1/20 (target error: 5.00%)
    Repetition 2/20 (target error: 5.00%)
      Current relative error: nan%
    Repetition 3/20 (target error: 5.00%)
      Current relative error: nan%

Running matrix_mult benchmark...
  Running matrix_mult with parameter: none
    Repetition 1/20 (target error: 5.00%)
    Repetition 2/20 (target error: 5.00%)
      Current relative error: nan%
    Repetition 3/20 (target error: 5.00%)
      Current relative error: nan%

Running nbody benchmark...
  Running nbody_N1000 with parameter: none
    Repetition 1/20 (target error: 5.00%)
    Repetition 2/20 (target error: 5.00%)
      Current relative error: nan%
    Repetition 3/20 (target error: 5.00%)
      Current relative error: nan%
  Running nbody_N2000 with parameter: none
    Repetition 1/20 (target error: 5.00%)
    Repetition 2/20 (target error: 5.00%)
      Current relative error: nan%
    Repetition 3/20 (target error: 5.00%)
      Current relative error: nan%
  Running nbody_N5000 with parameter: none
    Repetition 1/20 (target error: 5.00%)
    Repetition 2/20 (target error: 5.00%)
      Current relative error: nan%
    Repetition 3/20 (target error: 5.00%)
      Current relative error: nan%

Running qap benchmark...
  Running qap with parameter: problems/chr10a.dat
    Repetition 1/20 (target error: 5.00%)
    Repetition 2/20 (target error: 5.00%)
      Current relative error: 0.00%
    Repetition 3/20 (target error: 5.00%)
      Current relative error: 0.00%
  Running qap with parameter: problems/chr12a.dat
    Repetition 1/20 (target error: 5.00%)
    Repetition 2/20 (target error: 5.00%)
      Current relative error: 0.00%
    Repetition 3/20 (target error: 5.00%)
      Current relative error: 0.00%

=== Running benchmarks with cpu_load ===

Running delannoy benchmark...
Starting CPU load generator...
CPU load generator started
  Running delannoy with parameter: 10
    Repetition 1/20 (target error: 5.00%)
    Repetition 2/20 (target error: 5.00%)
      Current relative error: 0.00%
    Repetition 3/20 (target error: 5.00%)
      Current relative error: 0.00%
  Running delannoy with parameter: 14
    Repetition 1/20 (target error: 5.00%)
    Repetition 2/20 (target error: 5.00%)
      Current relative error: 2.07%
    Repetition 3/20 (target error: 5.00%)
      Current relative error: 0.71%
Stopping CPU load generator...
CPU load generator stopped

Running file_generator benchmark...
  Skipping I/O-bound benchmark file_generator for CPU load scenario

Running find_largest_file benchmark...
  Skipping I/O-bound benchmark find_largest_file for CPU load scenario

Running matrix_mult benchmark...
Starting CPU load generator...
CPU load generator started
  Running matrix_mult with parameter: none
    Repetition 1/20 (target error: 5.00%)
    Repetition 2/20 (target error: 5.00%)
      Current relative error: nan%
    Repetition 3/20 (target error: 5.00%)
      Current relative error: nan%
Stopping CPU load generator...
CPU load generator stopped

Running nbody benchmark...
Starting CPU load generator...
CPU load generator started
  Running nbody_N1000 with parameter: none
    Repetition 1/20 (target error: 5.00%)
    Repetition 2/20 (target error: 5.00%)
      Current relative error: nan%
    Repetition 3/20 (target error: 5.00%)
      Current relative error: nan%
  Running nbody_N2000 with parameter: none
    Repetition 1/20 (target error: 5.00%)
    Repetition 2/20 (target error: 5.00%)
      Current relative error: nan%
    Repetition 3/20 (target error: 5.00%)
      Current relative error: nan%
  Running nbody_N5000 with parameter: none
    Repetition 1/20 (target error: 5.00%)
    Repetition 2/20 (target error: 5.00%)
      Current relative error: nan%
    Repetition 3/20 (target error: 5.00%)
      Current relative error: nan%
Stopping CPU load generator...
CPU load generator stopped

Running qap benchmark...
Starting CPU load generator...
CPU load generator started
  Running qap with parameter: problems/chr10a.dat
    Repetition 1/20 (target error: 5.00%)
    Repetition 2/20 (target error: 5.00%)
      Current relative error: 0.00%
    Repetition 3/20 (target error: 5.00%)
      Current relative error: 5.81%
    Repetition 4/20 (target error: 5.00%)
      Current relative error: 3.21%
  Running qap with parameter: problems/chr12a.dat
    Repetition 1/20 (target error: 5.00%)
    Repetition 2/20 (target error: 5.00%)
      Current relative error: 0.00%
    Repetition 3/20 (target error: 5.00%)
      Current relative error: 5.81%
    Repetition 4/20 (target error: 5.00%)
      Current relative error: 3.21%
Stopping CPU load generator...
CPU load generator stopped

=== Running benchmarks with io_load ===

Running delannoy benchmark...
  Skipping CPU-bound benchmark delannoy for I/O load scenario

Running file_generator benchmark...
Starting I/O load generator...
I/O load generator started
  Running file_generator with parameter: 5 100 1024 10240 1234
    Repetition 1/20 (target error: 5.00%)
    Repetition 2/20 (target error: 5.00%)
      Current relative error: nan%
    Repetition 3/20 (target error: 5.00%)
      Current relative error: nan%
  Running file_generator with parameter: 10 200 1024 102400 1234
    Repetition 1/20 (target error: 5.00%)
    Repetition 2/20 (target error: 5.00%)
      Current relative error: nan%
    Repetition 3/20 (target error: 5.00%)
      Current relative error: nan%
Stopping I/O load generator...
I/O load generator stopped

Running find_largest_file benchmark...
Starting I/O load generator...
I/O load generator started
  Running find_largest_file with parameter: none
    Repetition 1/20 (target error: 5.00%)
    Repetition 2/20 (target error: 5.00%)
      Current relative error: nan%
    Repetition 3/20 (target error: 5.00%)
      Current relative error: nan%
Stopping I/O load generator...
I/O load generator stopped

Running matrix_mult benchmark...
  Skipping CPU-bound benchmark matrix_mult for I/O load scenario

Running nbody benchmark...
  Skipping CPU-bound benchmark nbody for I/O load scenario

Running qap benchmark...
  Skipping CPU-bound benchmark qap for I/O load scenario

Generating graphs...
Graphs saved to /scratch/cb761223/exercises/sheet_02/experiment_results/graphs

Benchmarking complete. Results saved to /scratch/cb761223/exercises/sheet_02/experiment_results
Stopping CPU load generator...
CPU load generator stopped
Stopping I/O load generator...
I/O load generator stopped
End time: 2025-03-20 21:14:16
